app/build/intermediates/manifest_merge_blame_file/debug/manifest-merger-blame-debug-report.txt
1<?xml version="1.0" encoding="utf-8"?>
2<manifest xmlns:android="http://schemas.android.com/apk/res/android"
3    xmlns:dist="http://schemas.android.com/apk/distribution"
4    package="luizfelipemoralez.amuds.mygymmanager"
5    android:versionCode="1"
6    android:versionName="1.0" >
7
8    <uses-sdk
9        android:minSdkVersion="28"
9-->src/main/AndroidManifest.xml
10        android:targetSdkVersion="29" />
10-->src/main/AndroidManifest.xml
11
12    <dist:module dist:instant="true" />
12-->src/main/AndroidManifest.xml:6:5-40
12-->src/main/AndroidManifest.xml:6:18-37
13
14    <application
14-->src/main/AndroidManifest.xml:8:5-28:19
15        android:allowBackup="true"
15-->src/main/AndroidManifest.xml:9:9-35
16        android:appComponentFactory="androidx.core.app.CoreComponentFactory"
16-->[androidx.core:core:1.0.1] AndroidManifest.xml:22:18-86
17        android:debuggable="true"
18        android:icon="@mipmap/ic_launcher"
18-->src/main/AndroidManifest.xml:10:9-43
19        android:label="@string/app_name"
19-->src/main/AndroidManifest.xml:11:9-41
20        android:roundIcon="@mipmap/ic_launcher_round"
20-->src/main/AndroidManifest.xml:12:9-54
21        android:supportsRtl="true"
21-->src/main/AndroidManifest.xml:13:9-35
22        android:theme="@style/AppTheme" >
22-->src/main/AndroidManifest.xml:14:9-40
23        <activity android:name="luizfelipemoralez.amuds.mygymmanager.Treino_C" />
23-->src/main/AndroidManifest.xml:15:9-55
23-->src/main/AndroidManifest.xml:15:19-43
24        <activity android:name="luizfelipemoralez.amuds.mygymmanager.Treino_B" />
24-->src/main/AndroidManifest.xml:16:9-46
24-->src/main/AndroidManifest.xml:16:19-43
25        <activity android:name="luizfelipemoralez.amuds.mygymmanager.Treino_A" />
25-->src/main/AndroidManifest.xml:17:9-46
25-->src/main/AndroidManifest.xml:17:19-43
26        <activity android:name="luizfelipemoralez.amuds.mygymmanager.Treino" />
26-->src/main/AndroidManifest.xml:18:9-44
26-->src/main/AndroidManifest.xml:18:19-41
27        <activity android:name="luizfelipemoralez.amuds.mygymmanager.InterfaceTreino" />
27-->src/main/AndroidManifest.xml:19:9-53
27-->src/main/AndroidManifest.xml:19:19-50
28        <activity android:name="luizfelipemoralez.amuds.mygymmanager.Ficha_Usuario" />
28-->src/main/AndroidManifest.xml:20:9-51
28-->src/main/AndroidManifest.xml:20:19-48
29        <activity android:name="luizfelipemoralez.amuds.mygymmanager.MainActivity" >
29-->src/main/AndroidManifest.xml:21:9-27:20
29-->src/main/AndroidManifest.xml:21:19-47
30            <intent-filter>
30-->src/main/AndroidManifest.xml:22:13-26:29
31                <action android:name="android.intent.action.MAIN" />
31-->src/main/AndroidManifest.xml:23:17-69
31-->src/main/AndroidManifest.xml:23:25-66
32
33                <category android:name="android.intent.category.LAUNCHER" />
33-->src/main/AndroidManifest.xml:25:17-77
33-->src/main/AndroidManifest.xml:25:27-74
34            </intent-filter>
35        </activity>
36    </application>
37
38</manifest>